{
  "stats": {
    "suites": 1,
    "tests": 3,
    "passes": 1,
    "pending": 0,
    "failures": 2,
    "start": "2024-12-25T09:55:31.591Z",
    "end": "2024-12-25T09:55:43.290Z",
    "duration": 11699,
    "testsRegistered": 7,
    "passPercent": 14.285714285714285,
    "pendingPercent": 0,
    "other": 1,
    "hasOther": true,
    "skipped": 4,
    "hasSkipped": true
  },
  "results": [
    {
      "uuid": "12218455-359a-4a3c-8ded-62fb540cb47e",
      "title": "",
      "fullFile": "/Users/onur/postman-test/selenium/test.js",
      "file": "/test.js",
      "beforeHooks": [],
      "afterHooks": [],
      "tests": [],
      "suites": [
        {
          "uuid": "849c5716-8649-4880-bff3-398535524fcf",
          "title": "Demoqa books Testing",
          "fullFile": "/Users/onur/postman-test/selenium/test.js",
          "file": "/test.js",
          "beforeHooks": [
            {
              "title": "\"before all\" hook in \"Demoqa books Testing\"",
              "fullTitle": "Demoqa books Testing \"before all\" hook in \"Demoqa books Testing\"",
              "timedOut": false,
              "duration": 3573,
              "state": null,
              "speed": null,
              "pass": false,
              "fail": false,
              "pending": false,
              "context": null,
              "code": "driver = await new Builder().forBrowser('chrome').build();\nawait driver.manage().window().maximize();\nawait driver.get(\"https://demoqa.com/books\")\nconsole.log(\"Driver has started.\")\nloginPage = new LoginPage(driver);\nhomePage = new HomePage(driver);",
              "err": {},
              "uuid": "41bbd536-2a7b-4d6d-946a-113ac1f40cf3",
              "parentUUID": "849c5716-8649-4880-bff3-398535524fcf",
              "isHook": true,
              "skipped": false
            }
          ],
          "afterHooks": [
            {
              "title": "\"after all\" hook in \"Demoqa books Testing\"",
              "fullTitle": "Demoqa books Testing \"after all\" hook in \"Demoqa books Testing\"",
              "timedOut": false,
              "duration": 56,
              "state": null,
              "speed": null,
              "pass": false,
              "fail": false,
              "pending": false,
              "context": null,
              "code": "if(driver){\n  await driver.quit()\n  console.log(\"Driver quited\")\n}",
              "err": {},
              "uuid": "4d99c180-29cf-4941-adb8-4e639285a212",
              "parentUUID": "849c5716-8649-4880-bff3-398535524fcf",
              "isHook": true,
              "skipped": false
            },
            {
              "title": "\"after each\" hook for \"Get First Book\"",
              "fullTitle": "Demoqa books Testing \"after each\" hook for \"Get First Book\"",
              "timedOut": false,
              "duration": 1,
              "state": "failed",
              "speed": null,
              "pass": false,
              "fail": true,
              "pending": false,
              "context": null,
              "code": "if(this.currentTest.state===\"failed\"){\n  const date = new Date();\n  const timestamp = `${date.getFullYear()}${date.getMonth() + 1}${date.getDate()}${date.getHours()}${date.getMinutes()}${date.getSeconds()}`;\n  const screenShot = await driver.takeScreenshot();\n  const screenShotPath = path.join(__dirname,\"./testReports/ScreenShots\", `${this.currentTest.title}${timestamp}.png`)\n  \n  fs.writeFileSync(screenShotPath,screenShot,\"base64\");\n  addContext(this,\"Test Fail Screenshot\")\n  addContext(this,screenShotPath)\n  console.log(screenShotPath)\n}",
              "err": {
                "message": "NoSuchWindowError: no such window: target window already closed\nfrom unknown error: web view not found\n  (Session info: chrome=131.0.6778.205)",
                "estack": "NoSuchWindowError: no such window: target window already closed\nfrom unknown error: web view not found\n  (Session info: chrome=131.0.6778.205)\n    at Object.throwDecodedError (node_modules/selenium-webdriver/lib/error.js:521:15)\n    at parseHttpResponse (node_modules/selenium-webdriver/lib/http.js:514:13)\n    at Executor.execute (node_modules/selenium-webdriver/lib/http.js:446:28)\n    at process.processTicksAndRejections (node:internal/process/task_queues:105:5)\n    at async Driver.execute (node_modules/selenium-webdriver/lib/webdriver.js:744:17)\n    at async Context.<anonymous> (test.js:84:26)",
                "diff": null
              },
              "uuid": "ee2d9a94-0cc5-48ff-9c6b-cc3fb11f2195",
              "parentUUID": "849c5716-8649-4880-bff3-398535524fcf",
              "isHook": true,
              "skipped": false
            }
          ],
          "tests": [
            {
              "title": "Login with invalid credentials ",
              "fullTitle": "Demoqa books Testing Login with invalid credentials ",
              "timedOut": false,
              "duration": 5606,
              "state": "passed",
              "speed": "slow",
              "pass": true,
              "fail": false,
              "pending": false,
              "context": null,
              "code": "await loginPage.login(\"onurguvensoy\",\"Paramcom@123\")\nawait driver.sleep(5000);",
              "err": {},
              "uuid": "628736f7-c159-4bfb-94e7-314412ba5830",
              "parentUUID": "849c5716-8649-4880-bff3-398535524fcf",
              "isHook": false,
              "skipped": false
            },
            {
              "title": "Get Book Titles",
              "fullTitle": "Demoqa books Testing Get Book Titles",
              "timedOut": false,
              "duration": 64,
              "state": "failed",
              "speed": null,
              "pass": false,
              "fail": true,
              "pending": false,
              "context": "[\n  \"Test Fail Screenshot\",\n  \"/Users/onur/postman-test/selenium/testReports/ScreenShots/Get Book Titles20241225125540.png\"\n]",
              "code": "const bookTitles = await homePage.getBookTitles();\nassert.strictEqual(bookTitles.length, 8);",
              "err": {
                "message": "AssertionError: Expected values to be strictly equal:\n\n0 !== 8\n",
                "estack": "AssertionError [ERR_ASSERTION]: Expected values to be strictly equal:\n\n0 !== 8\n\n    at Context.<anonymous> (test.js:50:12)\n    at process.processTicksAndRejections (node:internal/process/task_queues:105:5)",
                "diff": "- 0\n+ 8\n"
              },
              "uuid": "1ac1dd6c-0b9a-4179-a84b-c79dcc15c2c9",
              "parentUUID": "849c5716-8649-4880-bff3-398535524fcf",
              "isHook": false,
              "skipped": false
            },
            {
              "title": "Get First Book",
              "fullTitle": "Demoqa books Testing Get First Book",
              "timedOut": false,
              "duration": 1985,
              "state": "failed",
              "speed": null,
              "pass": false,
              "fail": true,
              "pending": false,
              "context": null,
              "code": "const firstBook = await homePage.getFirstBook();\nassert.strictEqual(firstBook, \"Git Pocket Guide\");",
              "err": {
                "message": "NoSuchWindowError: no such window: target window already closed\nfrom unknown error: web view not found\n  (Session info: chrome=131.0.6778.205)",
                "estack": "NoSuchWindowError: no such window: target window already closed\nfrom unknown error: web view not found\n  (Session info: chrome=131.0.6778.205)\n    at Object.throwDecodedError (node_modules/selenium-webdriver/lib/error.js:521:15)\n    at parseHttpResponse (node_modules/selenium-webdriver/lib/http.js:514:13)\n    at Executor.execute (node_modules/selenium-webdriver/lib/http.js:446:28)\n    at process.processTicksAndRejections (node:internal/process/task_queues:105:5)\n    at async Driver.execute (node_modules/selenium-webdriver/lib/webdriver.js:744:17)\n    at async Driver.findElements (node_modules/selenium-webdriver/lib/webdriver.js:1067:17)",
                "diff": null
              },
              "uuid": "98540408-0242-46b5-8e58-3f3a7e2ea00e",
              "parentUUID": "849c5716-8649-4880-bff3-398535524fcf",
              "isHook": false,
              "skipped": false
            },
            {
              "title": "Get Book Details",
              "fullTitle": "Demoqa books Testing Get Book Details",
              "timedOut": false,
              "duration": 0,
              "state": null,
              "speed": null,
              "pass": false,
              "fail": false,
              "pending": false,
              "context": null,
              "code": "const isbnValue = await homePage.getBookDetails();\nassert.strictEqual(isbnValue, \"9781449325862\");",
              "err": {},
              "uuid": "08a80dea-ab28-44a1-8af4-6b0afb84a382",
              "parentUUID": "849c5716-8649-4880-bff3-398535524fcf",
              "isHook": false,
              "skipped": true
            },
            {
              "title": "Delete All Books",
              "fullTitle": "Demoqa books Testing Delete All Books",
              "timedOut": false,
              "duration": 0,
              "state": null,
              "speed": null,
              "pass": false,
              "fail": false,
              "pending": false,
              "context": null,
              "code": "await homePage.deleteAllBooks();",
              "err": {},
              "uuid": "4db6bb7c-1d89-4da7-803a-c2a9c16fd42d",
              "parentUUID": "849c5716-8649-4880-bff3-398535524fcf",
              "isHook": false,
              "skipped": true
            },
            {
              "title": "Delete Account",
              "fullTitle": "Demoqa books Testing Delete Account",
              "timedOut": false,
              "duration": 0,
              "state": null,
              "speed": null,
              "pass": false,
              "fail": false,
              "pending": false,
              "context": null,
              "code": "await homePage.deleteAccount();",
              "err": {},
              "uuid": "3036599a-074a-461b-80dc-d27a991350fc",
              "parentUUID": "849c5716-8649-4880-bff3-398535524fcf",
              "isHook": false,
              "skipped": true
            },
            {
              "title": "Logout ",
              "fullTitle": "Demoqa books Testing Logout ",
              "timedOut": false,
              "duration": 0,
              "state": null,
              "speed": null,
              "pass": false,
              "fail": false,
              "pending": false,
              "context": null,
              "code": "await homePage.logout();",
              "err": {},
              "uuid": "48044a88-a63a-46e9-8b08-93fa7d9c6c8b",
              "parentUUID": "849c5716-8649-4880-bff3-398535524fcf",
              "isHook": false,
              "skipped": true
            }
          ],
          "suites": [],
          "passes": [
            "628736f7-c159-4bfb-94e7-314412ba5830"
          ],
          "failures": [
            "1ac1dd6c-0b9a-4179-a84b-c79dcc15c2c9",
            "98540408-0242-46b5-8e58-3f3a7e2ea00e"
          ],
          "pending": [],
          "skipped": [
            "08a80dea-ab28-44a1-8af4-6b0afb84a382",
            "4db6bb7c-1d89-4da7-803a-c2a9c16fd42d",
            "3036599a-074a-461b-80dc-d27a991350fc",
            "48044a88-a63a-46e9-8b08-93fa7d9c6c8b"
          ],
          "duration": 7655,
          "root": false,
          "rootEmpty": false,
          "_timeout": 60000
        }
      ],
      "passes": [],
      "failures": [],
      "pending": [],
      "skipped": [],
      "duration": 0,
      "root": true,
      "rootEmpty": true,
      "_timeout": 2000
    }
  ],
  "meta": {
    "mocha": {
      "version": "10.7.3"
    },
    "mochawesome": {
      "options": {
        "quiet": false,
        "reportFilename": "report_2024-12-25_12-55-31.html",
        "saveHtml": true,
        "saveJson": true,
        "consoleReporter": "spec",
        "useInlineDiffs": false,
        "code": true
      },
      "version": "7.1.3"
    },
    "marge": {
      "options": {
        "reportDir": "testReports/report_2024-12-25_12-55-31",
        "reportFilename": "report_2024-12-25_12-55-31.html"
      },
      "version": "6.2.0"
    }
  }
}