<!doctype html>
<html lang="en"><head><meta charSet="utf-8"/><meta http-equiv="X-UA-Compatible" content="IE=edge"/><meta name="viewport" content="width=device-width, initial-scale=1"/><title>Mochawesome Report</title><link rel="stylesheet" href="assets/app.css"/></head><body data-raw="{&quot;stats&quot;:{&quot;suites&quot;:1,&quot;tests&quot;:6,&quot;passes&quot;:1,&quot;pending&quot;:0,&quot;failures&quot;:5,&quot;start&quot;:&quot;2024-12-25T09:54:21.903Z&quot;,&quot;end&quot;:&quot;2024-12-25T09:54:57.732Z&quot;,&quot;duration&quot;:35829,&quot;testsRegistered&quot;:7,&quot;passPercent&quot;:14.285714285714285,&quot;pendingPercent&quot;:0,&quot;other&quot;:1,&quot;hasOther&quot;:true,&quot;skipped&quot;:1,&quot;hasSkipped&quot;:true},&quot;results&quot;:[{&quot;uuid&quot;:&quot;40fd4271-9c92-4a01-8d1e-9bfce4c463c6&quot;,&quot;title&quot;:&quot;&quot;,&quot;fullFile&quot;:&quot;/Users/onur/postman-test/selenium/test.js&quot;,&quot;file&quot;:&quot;/test.js&quot;,&quot;beforeHooks&quot;:[],&quot;afterHooks&quot;:[],&quot;tests&quot;:[],&quot;suites&quot;:[{&quot;uuid&quot;:&quot;3209d63c-fe08-4fab-9e41-8111524b4e51&quot;,&quot;title&quot;:&quot;Demoqa books Testing&quot;,&quot;fullFile&quot;:&quot;/Users/onur/postman-test/selenium/test.js&quot;,&quot;file&quot;:&quot;/test.js&quot;,&quot;beforeHooks&quot;:[{&quot;title&quot;:&quot;\&quot;before all\&quot; hook in \&quot;Demoqa books Testing\&quot;&quot;,&quot;fullTitle&quot;:&quot;Demoqa books Testing \&quot;before all\&quot; hook in \&quot;Demoqa books Testing\&quot;&quot;,&quot;timedOut&quot;:false,&quot;duration&quot;:7658,&quot;pass&quot;:false,&quot;fail&quot;:false,&quot;pending&quot;:false,&quot;code&quot;:&quot;driver = await new Builder().forBrowser(&#x27;chrome&#x27;).build();\nawait driver.manage().window().maximize();\nawait driver.get(\&quot;https://demoqa.com/books\&quot;)\nconsole.log(\&quot;Driver has started.\&quot;)\nloginPage = new LoginPage(driver);\nhomePage = new HomePage(driver);&quot;,&quot;err&quot;:{},&quot;uuid&quot;:&quot;65c43f15-af9a-4aa7-b694-bc0f2d0108a0&quot;,&quot;parentUUID&quot;:&quot;3209d63c-fe08-4fab-9e41-8111524b4e51&quot;,&quot;isHook&quot;:true,&quot;skipped&quot;:false}],&quot;afterHooks&quot;:[{&quot;title&quot;:&quot;\&quot;after all\&quot; hook in \&quot;Demoqa books Testing\&quot;&quot;,&quot;fullTitle&quot;:&quot;Demoqa books Testing \&quot;after all\&quot; hook in \&quot;Demoqa books Testing\&quot;&quot;,&quot;timedOut&quot;:false,&quot;duration&quot;:55,&quot;pass&quot;:false,&quot;fail&quot;:false,&quot;pending&quot;:false,&quot;code&quot;:&quot;if(driver){\n  await driver.quit()\n  console.log(\&quot;Driver quited\&quot;)\n}&quot;,&quot;err&quot;:{},&quot;uuid&quot;:&quot;acac9e63-9dca-4ff2-8e9e-796093a365a8&quot;,&quot;parentUUID&quot;:&quot;3209d63c-fe08-4fab-9e41-8111524b4e51&quot;,&quot;isHook&quot;:true,&quot;skipped&quot;:false},{&quot;title&quot;:&quot;\&quot;after each\&quot; hook for \&quot;Delete Account\&quot;&quot;,&quot;fullTitle&quot;:&quot;Demoqa books Testing \&quot;after each\&quot; hook for \&quot;Delete Account\&quot;&quot;,&quot;timedOut&quot;:false,&quot;duration&quot;:1,&quot;state&quot;:&quot;failed&quot;,&quot;pass&quot;:false,&quot;fail&quot;:true,&quot;pending&quot;:false,&quot;code&quot;:&quot;if(this.currentTest.state===\&quot;failed\&quot;){\n  const date = new Date();\n  const timestamp = `${date.getFullYear()}${date.getMonth() + 1}${date.getDate()}${date.getHours()}${date.getMinutes()}${date.getSeconds()}`;\n  const screenShot = await driver.takeScreenshot();\n  const screenShotPath = path.join(__dirname,\&quot;./testReports/ScreenShots\&quot;, `${this.currentTest.title}${timestamp}.png`)\n  \n  fs.writeFileSync(screenShotPath,screenShot,\&quot;base64\&quot;);\n  addContext(this,\&quot;Test Fail Screenshot\&quot;)\n  addContext(this,screenShotPath)\n  console.log(screenShotPath)\n}&quot;,&quot;err&quot;:{&quot;message&quot;:&quot;NoSuchWindowError: no such window: target window already closed\nfrom unknown error: web view not found\n  (Session info: chrome=131.0.6778.205)&quot;,&quot;estack&quot;:&quot;NoSuchWindowError: no such window: target window already closed\nfrom unknown error: web view not found\n  (Session info: chrome=131.0.6778.205)\n    at Object.throwDecodedError (node_modules/selenium-webdriver/lib/error.js:521:15)\n    at parseHttpResponse (node_modules/selenium-webdriver/lib/http.js:514:13)\n    at Executor.execute (node_modules/selenium-webdriver/lib/http.js:446:28)\n    at process.processTicksAndRejections (node:internal/process/task_queues:105:5)\n    at async Driver.execute (node_modules/selenium-webdriver/lib/webdriver.js:744:17)\n    at async Context.&lt;anonymous&gt; (test.js:84:26)&quot;},&quot;uuid&quot;:&quot;67d62c41-6aa9-4eca-9d86-b19c6ca88df5&quot;,&quot;parentUUID&quot;:&quot;3209d63c-fe08-4fab-9e41-8111524b4e51&quot;,&quot;isHook&quot;:true,&quot;skipped&quot;:false}],&quot;tests&quot;:[{&quot;title&quot;:&quot;Login with invalid credentials &quot;,&quot;fullTitle&quot;:&quot;Demoqa books Testing Login with invalid credentials &quot;,&quot;timedOut&quot;:false,&quot;duration&quot;:5346,&quot;state&quot;:&quot;passed&quot;,&quot;speed&quot;:&quot;slow&quot;,&quot;pass&quot;:true,&quot;fail&quot;:false,&quot;pending&quot;:false,&quot;code&quot;:&quot;await loginPage.login(\&quot;onurguvensoy\&quot;,\&quot;Paramcom@123\&quot;)\nawait driver.sleep(5000);&quot;,&quot;err&quot;:{},&quot;uuid&quot;:&quot;778f5719-e497-4f81-b6e8-dce3ed6d226d&quot;,&quot;parentUUID&quot;:&quot;3209d63c-fe08-4fab-9e41-8111524b4e51&quot;,&quot;isHook&quot;:false,&quot;skipped&quot;:false},{&quot;title&quot;:&quot;Get Book Titles&quot;,&quot;fullTitle&quot;:&quot;Demoqa books Testing Get Book Titles&quot;,&quot;timedOut&quot;:false,&quot;duration&quot;:73,&quot;state&quot;:&quot;failed&quot;,&quot;pass&quot;:false,&quot;fail&quot;:true,&quot;pending&quot;:false,&quot;context&quot;:&quot;[\n  \&quot;Test Fail Screenshot\&quot;,\n  \&quot;/Users/onur/postman-test/selenium/testReports/ScreenShots/Get Book Titles20241225125434.png\&quot;\n]&quot;,&quot;code&quot;:&quot;const bookTitles = await homePage.getBookTitles();\nassert.strictEqual(bookTitles.length, 8);&quot;,&quot;err&quot;:{&quot;message&quot;:&quot;AssertionError: Expected values to be strictly equal:\n\n0 !== 8\n&quot;,&quot;estack&quot;:&quot;AssertionError [ERR_ASSERTION]: Expected values to be strictly equal:\n\n0 !== 8\n\n    at Context.&lt;anonymous&gt; (test.js:50:12)\n    at process.processTicksAndRejections (node:internal/process/task_queues:105:5)&quot;,&quot;diff&quot;:&quot;- 0\n+ 8\n&quot;},&quot;uuid&quot;:&quot;af4eb33a-8617-4a9c-8051-7d3a79765a88&quot;,&quot;parentUUID&quot;:&quot;3209d63c-fe08-4fab-9e41-8111524b4e51&quot;,&quot;isHook&quot;:false,&quot;skipped&quot;:false},{&quot;title&quot;:&quot;Get First Book&quot;,&quot;fullTitle&quot;:&quot;Demoqa books Testing Get First Book&quot;,&quot;timedOut&quot;:false,&quot;duration&quot;:10111,&quot;state&quot;:&quot;failed&quot;,&quot;pass&quot;:false,&quot;fail&quot;:true,&quot;pending&quot;:false,&quot;context&quot;:&quot;[\n  \&quot;Test Fail Screenshot\&quot;,\n  \&quot;/Users/onur/postman-test/selenium/testReports/ScreenShots/Get First Book20241225125445.png\&quot;\n]&quot;,&quot;code&quot;:&quot;const firstBook = await homePage.getFirstBook();\nassert.strictEqual(firstBook, \&quot;Git Pocket Guide\&quot;);&quot;,&quot;err&quot;:{&quot;message&quot;:&quot;TimeoutError: Waiting for element to be located By(css selector, .rt-tr-group .rt-td .action-buttons span a)\nWait timed out after 10060ms&quot;,&quot;estack&quot;:&quot;TimeoutError: Waiting for element to be located By(css selector, .rt-tr-group .rt-td .action-buttons span a)\nWait timed out after 10060ms\n    at /Users/onur/postman-test/selenium/node_modules/selenium-webdriver/lib/webdriver.js:923:22\n    at process.processTicksAndRejections (node:internal/process/task_queues:105:5)&quot;},&quot;uuid&quot;:&quot;20869b4c-6e98-4ed1-913f-67f8d0f7d6b5&quot;,&quot;parentUUID&quot;:&quot;3209d63c-fe08-4fab-9e41-8111524b4e51&quot;,&quot;isHook&quot;:false,&quot;skipped&quot;:false},{&quot;title&quot;:&quot;Get Book Details&quot;,&quot;fullTitle&quot;:&quot;Demoqa books Testing Get Book Details&quot;,&quot;timedOut&quot;:false,&quot;duration&quot;:9,&quot;state&quot;:&quot;failed&quot;,&quot;pass&quot;:false,&quot;fail&quot;:true,&quot;pending&quot;:false,&quot;context&quot;:&quot;[\n  \&quot;Test Fail Screenshot\&quot;,\n  \&quot;/Users/onur/postman-test/selenium/testReports/ScreenShots/Get Book Details20241225125445.png\&quot;\n]&quot;,&quot;code&quot;:&quot;const isbnValue = await homePage.getBookDetails();\nassert.strictEqual(isbnValue, \&quot;9781449325862\&quot;);&quot;,&quot;err&quot;:{&quot;message&quot;:&quot;NoSuchElementError: no such element: Unable to locate element: {\&quot;method\&quot;:\&quot;css selector\&quot;,\&quot;selector\&quot;:\&quot;.rt-tr-group .rt-td .action-buttons span a\&quot;}\n  (Session info: chrome=131.0.6778.205)&quot;,&quot;estack&quot;:&quot;NoSuchElementError: no such element: Unable to locate element: {\&quot;method\&quot;:\&quot;css selector\&quot;,\&quot;selector\&quot;:\&quot;.rt-tr-group .rt-td .action-buttons span a\&quot;}\n  (Session info: chrome=131.0.6778.205)\n    at Object.throwDecodedError (node_modules/selenium-webdriver/lib/error.js:521:15)\n    at parseHttpResponse (node_modules/selenium-webdriver/lib/http.js:514:13)\n    at Executor.execute (node_modules/selenium-webdriver/lib/http.js:446:28)\n    at process.processTicksAndRejections (node:internal/process/task_queues:105:5)\n    at async Driver.execute (node_modules/selenium-webdriver/lib/webdriver.js:744:17)\n    at async toWireValue (node_modules/selenium-webdriver/lib/webdriver.js:148:15)\n    at async /Users/onur/postman-test/selenium/node_modules/selenium-webdriver/lib/webdriver.js:194:16\n    at async forEachKey (node_modules/selenium-webdriver/lib/webdriver.js:188:9)\n    at async convertKeys (node_modules/selenium-webdriver/lib/webdriver.js:193:3)\n    at async Driver.execute (node_modules/selenium-webdriver/lib/webdriver.js:742:22)\n    at async HomePage.getBookDetails (pages/homePage.js:34:9)\n    at async Context.&lt;anonymous&gt; (test.js:60:23)&quot;},&quot;uuid&quot;:&quot;2767512f-b370-4952-994d-2f42f98b1124&quot;,&quot;parentUUID&quot;:&quot;3209d63c-fe08-4fab-9e41-8111524b4e51&quot;,&quot;isHook&quot;:false,&quot;skipped&quot;:false},{&quot;title&quot;:&quot;Delete All Books&quot;,&quot;fullTitle&quot;:&quot;Demoqa books Testing Delete All Books&quot;,&quot;timedOut&quot;:false,&quot;duration&quot;:10080,&quot;state&quot;:&quot;failed&quot;,&quot;pass&quot;:false,&quot;fail&quot;:true,&quot;pending&quot;:false,&quot;context&quot;:&quot;[\n  \&quot;Test Fail Screenshot\&quot;,\n  \&quot;/Users/onur/postman-test/selenium/testReports/ScreenShots/Delete All Books20241225125456.png\&quot;\n]&quot;,&quot;code&quot;:&quot;await homePage.deleteAllBooks();&quot;,&quot;err&quot;:{&quot;message&quot;:&quot;TimeoutError: Waiting for element to be located By(xpath, //button[text()=\&quot;Delete All Books\&quot;])\nWait timed out after 10076ms&quot;,&quot;estack&quot;:&quot;TimeoutError: Waiting for element to be located By(xpath, //button[text()=\&quot;Delete All Books\&quot;])\nWait timed out after 10076ms\n    at /Users/onur/postman-test/selenium/node_modules/selenium-webdriver/lib/webdriver.js:923:22\n    at process.processTicksAndRejections (node:internal/process/task_queues:105:5)&quot;},&quot;uuid&quot;:&quot;692e2eaf-c209-4778-85da-aa22e3f19de0&quot;,&quot;parentUUID&quot;:&quot;3209d63c-fe08-4fab-9e41-8111524b4e51&quot;,&quot;isHook&quot;:false,&quot;skipped&quot;:false},{&quot;title&quot;:&quot;Delete Account&quot;,&quot;fullTitle&quot;:&quot;Demoqa books Testing Delete Account&quot;,&quot;timedOut&quot;:false,&quot;duration&quot;:837,&quot;state&quot;:&quot;failed&quot;,&quot;pass&quot;:false,&quot;fail&quot;:true,&quot;pending&quot;:false,&quot;code&quot;:&quot;await homePage.deleteAccount();&quot;,&quot;err&quot;:{&quot;message&quot;:&quot;NoSuchWindowError: no such window: target window already closed\nfrom unknown error: web view not found\n  (Session info: chrome=131.0.6778.205)&quot;,&quot;estack&quot;:&quot;NoSuchWindowError: no such window: target window already closed\nfrom unknown error: web view not found\n  (Session info: chrome=131.0.6778.205)\n    at Object.throwDecodedError (node_modules/selenium-webdriver/lib/error.js:521:15)\n    at parseHttpResponse (node_modules/selenium-webdriver/lib/http.js:514:13)\n    at Executor.execute (node_modules/selenium-webdriver/lib/http.js:446:28)\n    at process.processTicksAndRejections (node:internal/process/task_queues:105:5)\n    at async Driver.execute (node_modules/selenium-webdriver/lib/webdriver.js:744:17)\n    at async Driver.findElements (node_modules/selenium-webdriver/lib/webdriver.js:1067:17)&quot;},&quot;uuid&quot;:&quot;b1b047b6-f406-4b22-910b-84460737d3d0&quot;,&quot;parentUUID&quot;:&quot;3209d63c-fe08-4fab-9e41-8111524b4e51&quot;,&quot;isHook&quot;:false,&quot;skipped&quot;:false},{&quot;title&quot;:&quot;Logout &quot;,&quot;fullTitle&quot;:&quot;Demoqa books Testing Logout &quot;,&quot;timedOut&quot;:false,&quot;duration&quot;:0,&quot;pass&quot;:false,&quot;fail&quot;:false,&quot;pending&quot;:false,&quot;code&quot;:&quot;await homePage.logout();&quot;,&quot;err&quot;:{},&quot;uuid&quot;:&quot;7e23e7c4-1f95-40de-9ab3-d056645b64b4&quot;,&quot;parentUUID&quot;:&quot;3209d63c-fe08-4fab-9e41-8111524b4e51&quot;,&quot;isHook&quot;:false,&quot;skipped&quot;:true}],&quot;suites&quot;:[],&quot;passes&quot;:[&quot;778f5719-e497-4f81-b6e8-dce3ed6d226d&quot;],&quot;failures&quot;:[&quot;af4eb33a-8617-4a9c-8051-7d3a79765a88&quot;,&quot;20869b4c-6e98-4ed1-913f-67f8d0f7d6b5&quot;,&quot;2767512f-b370-4952-994d-2f42f98b1124&quot;,&quot;692e2eaf-c209-4778-85da-aa22e3f19de0&quot;,&quot;b1b047b6-f406-4b22-910b-84460737d3d0&quot;],&quot;pending&quot;:[],&quot;skipped&quot;:[&quot;7e23e7c4-1f95-40de-9ab3-d056645b64b4&quot;],&quot;duration&quot;:26456,&quot;root&quot;:false,&quot;rootEmpty&quot;:false,&quot;_timeout&quot;:60000}],&quot;passes&quot;:[],&quot;failures&quot;:[],&quot;pending&quot;:[],&quot;skipped&quot;:[],&quot;duration&quot;:0,&quot;root&quot;:true,&quot;rootEmpty&quot;:true,&quot;_timeout&quot;:2000}],&quot;meta&quot;:{&quot;mocha&quot;:{&quot;version&quot;:&quot;10.7.3&quot;},&quot;mochawesome&quot;:{&quot;options&quot;:{&quot;quiet&quot;:false,&quot;reportFilename&quot;:&quot;report_2024-12-25_12-54-21.html&quot;,&quot;saveHtml&quot;:true,&quot;saveJson&quot;:true,&quot;consoleReporter&quot;:&quot;spec&quot;,&quot;useInlineDiffs&quot;:false,&quot;code&quot;:true},&quot;version&quot;:&quot;7.1.3&quot;},&quot;marge&quot;:{&quot;options&quot;:{&quot;reportDir&quot;:&quot;testReports/report_2024-12-25_12-54-21&quot;,&quot;reportFilename&quot;:&quot;report_2024-12-25_12-54-21.html&quot;},&quot;version&quot;:&quot;6.2.0&quot;}}}" data-config="{&quot;reportFilename&quot;:&quot;report_2024-12-25_12-54-21.html&quot;,&quot;reportDir&quot;:&quot;testReports/report_2024-12-25_12-54-21&quot;,&quot;reportTitle&quot;:&quot;selenium&quot;,&quot;reportPageTitle&quot;:&quot;Mochawesome Report&quot;,&quot;inline&quot;:false,&quot;inlineAssets&quot;:false,&quot;cdn&quot;:false,&quot;charts&quot;:false,&quot;enableCharts&quot;:false,&quot;code&quot;:true,&quot;enableCode&quot;:true,&quot;autoOpen&quot;:false,&quot;overwrite&quot;:true,&quot;timestamp&quot;:false,&quot;ts&quot;:false,&quot;showPassed&quot;:true,&quot;showFailed&quot;:true,&quot;showPending&quot;:true,&quot;showSkipped&quot;:false,&quot;showHooks&quot;:&quot;failed&quot;,&quot;saveJson&quot;:true,&quot;saveHtml&quot;:true,&quot;dev&quot;:false,&quot;assetsDir&quot;:&quot;testReports/report_2024-12-25_12-54-21/assets&quot;,&quot;jsonFile&quot;:&quot;/Users/onur/postman-test/selenium/testReports/report_2024-12-25_12-54-21/report_2024-12-25_12-54-21.json&quot;,&quot;htmlFile&quot;:&quot;/Users/onur/postman-test/selenium/testReports/report_2024-12-25_12-54-21/report_2024-12-25_12-54-21.html&quot;}"><div id="report"></div><script src="assets/app.js"></script></body></html>