<!doctype html>
<html lang="en"><head><meta charSet="utf-8"/><meta http-equiv="X-UA-Compatible" content="IE=edge"/><meta name="viewport" content="width=device-width, initial-scale=1"/><title>Mochawesome Report</title><link rel="stylesheet" href="assets/app.css"/></head><body data-raw="{&quot;stats&quot;:{&quot;suites&quot;:1,&quot;tests&quot;:7,&quot;passes&quot;:1,&quot;pending&quot;:0,&quot;failures&quot;:6,&quot;start&quot;:&quot;2024-12-25T09:56:24.713Z&quot;,&quot;end&quot;:&quot;2024-12-25T09:57:09.426Z&quot;,&quot;duration&quot;:44713,&quot;testsRegistered&quot;:7,&quot;passPercent&quot;:14.285714285714285,&quot;pendingPercent&quot;:0,&quot;other&quot;:0,&quot;hasOther&quot;:false,&quot;skipped&quot;:0,&quot;hasSkipped&quot;:false},&quot;results&quot;:[{&quot;uuid&quot;:&quot;a596a1e2-7fc3-4382-93bd-20e959836673&quot;,&quot;title&quot;:&quot;&quot;,&quot;fullFile&quot;:&quot;/Users/onur/postman-test/selenium/test.js&quot;,&quot;file&quot;:&quot;/test.js&quot;,&quot;beforeHooks&quot;:[],&quot;afterHooks&quot;:[],&quot;tests&quot;:[],&quot;suites&quot;:[{&quot;uuid&quot;:&quot;33cf71a4-d58a-486e-b443-47e519764a78&quot;,&quot;title&quot;:&quot;Demoqa books Testing&quot;,&quot;fullFile&quot;:&quot;/Users/onur/postman-test/selenium/test.js&quot;,&quot;file&quot;:&quot;/test.js&quot;,&quot;beforeHooks&quot;:[{&quot;title&quot;:&quot;\&quot;before all\&quot; hook in \&quot;Demoqa books Testing\&quot;&quot;,&quot;fullTitle&quot;:&quot;Demoqa books Testing \&quot;before all\&quot; hook in \&quot;Demoqa books Testing\&quot;&quot;,&quot;timedOut&quot;:false,&quot;duration&quot;:3297,&quot;pass&quot;:false,&quot;fail&quot;:false,&quot;pending&quot;:false,&quot;code&quot;:&quot;driver = await new Builder().forBrowser(&#x27;chrome&#x27;).build();\nawait driver.manage().window().maximize();\nawait driver.get(\&quot;https://demoqa.com/books\&quot;)\nconsole.log(\&quot;Driver has started.\&quot;)\nloginPage = new LoginPage(driver);\nhomePage = new HomePage(driver);&quot;,&quot;err&quot;:{},&quot;uuid&quot;:&quot;df8b5ef8-7f03-42a1-b7ad-8bfd3b37eaa5&quot;,&quot;parentUUID&quot;:&quot;33cf71a4-d58a-486e-b443-47e519764a78&quot;,&quot;isHook&quot;:true,&quot;skipped&quot;:false}],&quot;afterHooks&quot;:[{&quot;title&quot;:&quot;\&quot;after all\&quot; hook in \&quot;Demoqa books Testing\&quot;&quot;,&quot;fullTitle&quot;:&quot;Demoqa books Testing \&quot;after all\&quot; hook in \&quot;Demoqa books Testing\&quot;&quot;,&quot;timedOut&quot;:false,&quot;duration&quot;:58,&quot;pass&quot;:false,&quot;fail&quot;:false,&quot;pending&quot;:false,&quot;code&quot;:&quot;if(driver){\n  await driver.quit()\n  console.log(\&quot;Driver quited\&quot;)\n}&quot;,&quot;err&quot;:{},&quot;uuid&quot;:&quot;1181cbce-ef8e-476a-aec8-23d335310ddd&quot;,&quot;parentUUID&quot;:&quot;33cf71a4-d58a-486e-b443-47e519764a78&quot;,&quot;isHook&quot;:true,&quot;skipped&quot;:false},{&quot;title&quot;:&quot;\&quot;after each\&quot; hook in \&quot;Demoqa books Testing\&quot;&quot;,&quot;fullTitle&quot;:&quot;Demoqa books Testing \&quot;after each\&quot; hook in \&quot;Demoqa books Testing\&quot;&quot;,&quot;timedOut&quot;:false,&quot;duration&quot;:325,&quot;pass&quot;:false,&quot;fail&quot;:false,&quot;pending&quot;:false,&quot;code&quot;:&quot;if(this.currentTest.state===\&quot;failed\&quot;){\n  const date = new Date();\n  const timestamp = `${date.getFullYear()}${date.getMonth() + 1}${date.getDate()}${date.getHours()}${date.getMinutes()}${date.getSeconds()}`;\n  const screenShot = await driver.takeScreenshot();\n  const screenShotPath = path.join(__dirname,\&quot;./testReports/ScreenShots\&quot;, `${this.currentTest.title}${timestamp}.png`)\n  \n  fs.writeFileSync(screenShotPath,screenShot,\&quot;base64\&quot;);\n  addContext(this,\&quot;Test Fail Screenshot\&quot;)\n  addContext(this,screenShotPath)\n  console.log(screenShotPath)\n}&quot;,&quot;err&quot;:{},&quot;uuid&quot;:&quot;fc35d16d-586a-4bdc-a3f4-c5614bcaf3b3&quot;,&quot;parentUUID&quot;:&quot;33cf71a4-d58a-486e-b443-47e519764a78&quot;,&quot;isHook&quot;:true,&quot;skipped&quot;:false}],&quot;tests&quot;:[{&quot;title&quot;:&quot;Login with invalid credentials &quot;,&quot;fullTitle&quot;:&quot;Demoqa books Testing Login with invalid credentials &quot;,&quot;timedOut&quot;:false,&quot;duration&quot;:5589,&quot;state&quot;:&quot;passed&quot;,&quot;speed&quot;:&quot;slow&quot;,&quot;pass&quot;:true,&quot;fail&quot;:false,&quot;pending&quot;:false,&quot;code&quot;:&quot;await loginPage.login(\&quot;onurguvensoy\&quot;,\&quot;Paramcom@123\&quot;)\nawait driver.sleep(5000);&quot;,&quot;err&quot;:{},&quot;uuid&quot;:&quot;6d60cad6-26c2-439c-bb0d-1e38fe0c1cab&quot;,&quot;parentUUID&quot;:&quot;33cf71a4-d58a-486e-b443-47e519764a78&quot;,&quot;isHook&quot;:false,&quot;skipped&quot;:false},{&quot;title&quot;:&quot;Get Book Titles&quot;,&quot;fullTitle&quot;:&quot;Demoqa books Testing Get Book Titles&quot;,&quot;timedOut&quot;:false,&quot;duration&quot;:58,&quot;state&quot;:&quot;failed&quot;,&quot;pass&quot;:false,&quot;fail&quot;:true,&quot;pending&quot;:false,&quot;context&quot;:&quot;[\n  \&quot;Test Fail Screenshot\&quot;,\n  \&quot;/Users/onur/postman-test/selenium/testReports/ScreenShots/Get Book Titles20241225125633.png\&quot;\n]&quot;,&quot;code&quot;:&quot;const bookTitles = await homePage.getBookTitles();\nassert.strictEqual(bookTitles.length, 8);&quot;,&quot;err&quot;:{&quot;message&quot;:&quot;AssertionError: Expected values to be strictly equal:\n\n0 !== 8\n&quot;,&quot;estack&quot;:&quot;AssertionError [ERR_ASSERTION]: Expected values to be strictly equal:\n\n0 !== 8\n\n    at Context.&lt;anonymous&gt; (test.js:50:12)\n    at process.processTicksAndRejections (node:internal/process/task_queues:105:5)&quot;,&quot;diff&quot;:&quot;- 0\n+ 8\n&quot;},&quot;uuid&quot;:&quot;50d90ab4-c612-4947-86a5-e59b3ff157c2&quot;,&quot;parentUUID&quot;:&quot;33cf71a4-d58a-486e-b443-47e519764a78&quot;,&quot;isHook&quot;:false,&quot;skipped&quot;:false},{&quot;title&quot;:&quot;Get First Book&quot;,&quot;fullTitle&quot;:&quot;Demoqa books Testing Get First Book&quot;,&quot;timedOut&quot;:false,&quot;duration&quot;:10109,&quot;state&quot;:&quot;failed&quot;,&quot;pass&quot;:false,&quot;fail&quot;:true,&quot;pending&quot;:false,&quot;context&quot;:&quot;[\n  \&quot;Test Fail Screenshot\&quot;,\n  \&quot;/Users/onur/postman-test/selenium/testReports/ScreenShots/Get First Book20241225125644.png\&quot;\n]&quot;,&quot;code&quot;:&quot;const firstBook = await homePage.getFirstBook();\nassert.strictEqual(firstBook, \&quot;Git Pocket Guide\&quot;);&quot;,&quot;err&quot;:{&quot;message&quot;:&quot;TimeoutError: Waiting for element to be located By(css selector, .rt-tr-group .rt-td .action-buttons span a)\nWait timed out after 10053ms&quot;,&quot;estack&quot;:&quot;TimeoutError: Waiting for element to be located By(css selector, .rt-tr-group .rt-td .action-buttons span a)\nWait timed out after 10053ms\n    at /Users/onur/postman-test/selenium/node_modules/selenium-webdriver/lib/webdriver.js:923:22\n    at process.processTicksAndRejections (node:internal/process/task_queues:105:5)&quot;},&quot;uuid&quot;:&quot;9a7a8753-17bc-497f-a9d9-2a1fe8a404eb&quot;,&quot;parentUUID&quot;:&quot;33cf71a4-d58a-486e-b443-47e519764a78&quot;,&quot;isHook&quot;:false,&quot;skipped&quot;:false},{&quot;title&quot;:&quot;Get Book Details&quot;,&quot;fullTitle&quot;:&quot;Demoqa books Testing Get Book Details&quot;,&quot;timedOut&quot;:false,&quot;duration&quot;:8,&quot;state&quot;:&quot;failed&quot;,&quot;pass&quot;:false,&quot;fail&quot;:true,&quot;pending&quot;:false,&quot;context&quot;:&quot;[\n  \&quot;Test Fail Screenshot\&quot;,\n  \&quot;/Users/onur/postman-test/selenium/testReports/ScreenShots/Get Book Details20241225125644.png\&quot;\n]&quot;,&quot;code&quot;:&quot;const isbnValue = await homePage.getBookDetails();\nassert.strictEqual(isbnValue, \&quot;9781449325862\&quot;);&quot;,&quot;err&quot;:{&quot;message&quot;:&quot;NoSuchElementError: no such element: Unable to locate element: {\&quot;method\&quot;:\&quot;css selector\&quot;,\&quot;selector\&quot;:\&quot;.rt-tr-group .rt-td .action-buttons span a\&quot;}\n  (Session info: chrome=131.0.6778.205)&quot;,&quot;estack&quot;:&quot;NoSuchElementError: no such element: Unable to locate element: {\&quot;method\&quot;:\&quot;css selector\&quot;,\&quot;selector\&quot;:\&quot;.rt-tr-group .rt-td .action-buttons span a\&quot;}\n  (Session info: chrome=131.0.6778.205)\n    at Object.throwDecodedError (node_modules/selenium-webdriver/lib/error.js:521:15)\n    at parseHttpResponse (node_modules/selenium-webdriver/lib/http.js:514:13)\n    at Executor.execute (node_modules/selenium-webdriver/lib/http.js:446:28)\n    at process.processTicksAndRejections (node:internal/process/task_queues:105:5)\n    at async Driver.execute (node_modules/selenium-webdriver/lib/webdriver.js:744:17)\n    at async toWireValue (node_modules/selenium-webdriver/lib/webdriver.js:148:15)\n    at async /Users/onur/postman-test/selenium/node_modules/selenium-webdriver/lib/webdriver.js:194:16\n    at async forEachKey (node_modules/selenium-webdriver/lib/webdriver.js:188:9)\n    at async convertKeys (node_modules/selenium-webdriver/lib/webdriver.js:193:3)\n    at async Driver.execute (node_modules/selenium-webdriver/lib/webdriver.js:742:22)\n    at async HomePage.getBookDetails (pages/homePage.js:34:9)\n    at async Context.&lt;anonymous&gt; (test.js:60:23)&quot;},&quot;uuid&quot;:&quot;15f7ef5c-55f7-42a1-ab70-213267cd1814&quot;,&quot;parentUUID&quot;:&quot;33cf71a4-d58a-486e-b443-47e519764a78&quot;,&quot;isHook&quot;:false,&quot;skipped&quot;:false},{&quot;title&quot;:&quot;Delete All Books&quot;,&quot;fullTitle&quot;:&quot;Demoqa books Testing Delete All Books&quot;,&quot;timedOut&quot;:false,&quot;duration&quot;:10132,&quot;state&quot;:&quot;failed&quot;,&quot;pass&quot;:false,&quot;fail&quot;:true,&quot;pending&quot;:false,&quot;context&quot;:&quot;[\n  \&quot;Test Fail Screenshot\&quot;,\n  \&quot;/Users/onur/postman-test/selenium/testReports/ScreenShots/Delete All Books20241225125655.png\&quot;\n]&quot;,&quot;code&quot;:&quot;await homePage.deleteAllBooks();&quot;,&quot;err&quot;:{&quot;message&quot;:&quot;TimeoutError: Waiting for element to be located By(xpath, //button[text()=\&quot;Delete All Books\&quot;])\nWait timed out after 10127ms&quot;,&quot;estack&quot;:&quot;TimeoutError: Waiting for element to be located By(xpath, //button[text()=\&quot;Delete All Books\&quot;])\nWait timed out after 10127ms\n    at /Users/onur/postman-test/selenium/node_modules/selenium-webdriver/lib/webdriver.js:923:22\n    at process.processTicksAndRejections (node:internal/process/task_queues:105:5)&quot;},&quot;uuid&quot;:&quot;4991984f-2123-404c-a5eb-fad2af390691&quot;,&quot;parentUUID&quot;:&quot;33cf71a4-d58a-486e-b443-47e519764a78&quot;,&quot;isHook&quot;:false,&quot;skipped&quot;:false},{&quot;title&quot;:&quot;Delete Account&quot;,&quot;fullTitle&quot;:&quot;Demoqa books Testing Delete Account&quot;,&quot;timedOut&quot;:false,&quot;duration&quot;:10130,&quot;state&quot;:&quot;failed&quot;,&quot;pass&quot;:false,&quot;fail&quot;:true,&quot;pending&quot;:false,&quot;context&quot;:&quot;[\n  \&quot;Test Fail Screenshot\&quot;,\n  \&quot;/Users/onur/postman-test/selenium/testReports/ScreenShots/Delete Account2024122512575.png\&quot;\n]&quot;,&quot;code&quot;:&quot;await homePage.deleteAccount();&quot;,&quot;err&quot;:{&quot;message&quot;:&quot;TimeoutError: Waiting for element to be located By(xpath, //button[text()=\&quot;Delete Account\&quot;])\nWait timed out after 10125ms&quot;,&quot;estack&quot;:&quot;TimeoutError: Waiting for element to be located By(xpath, //button[text()=\&quot;Delete Account\&quot;])\nWait timed out after 10125ms\n    at /Users/onur/postman-test/selenium/node_modules/selenium-webdriver/lib/webdriver.js:923:22\n    at process.processTicksAndRejections (node:internal/process/task_queues:105:5)&quot;},&quot;uuid&quot;:&quot;231db5d8-d1a6-4569-a596-702b51dbdcec&quot;,&quot;parentUUID&quot;:&quot;33cf71a4-d58a-486e-b443-47e519764a78&quot;,&quot;isHook&quot;:false,&quot;skipped&quot;:false},{&quot;title&quot;:&quot;Logout &quot;,&quot;fullTitle&quot;:&quot;Demoqa books Testing Logout &quot;,&quot;timedOut&quot;:false,&quot;duration&quot;:3163,&quot;state&quot;:&quot;failed&quot;,&quot;pass&quot;:false,&quot;fail&quot;:true,&quot;pending&quot;:false,&quot;context&quot;:&quot;[\n  \&quot;Test Fail Screenshot\&quot;,\n  \&quot;/Users/onur/postman-test/selenium/testReports/ScreenShots/Logout 2024122512579.png\&quot;\n]&quot;,&quot;code&quot;:&quot;await homePage.logout();&quot;,&quot;err&quot;:{&quot;message&quot;:&quot;TimeoutError: Waiting for element to be located By(css selector, *[id=\&quot;submit\&quot;])\nWait timed out after 3163ms&quot;,&quot;estack&quot;:&quot;TimeoutError: Waiting for element to be located By(css selector, *[id=\&quot;submit\&quot;])\nWait timed out after 3163ms\n    at /Users/onur/postman-test/selenium/node_modules/selenium-webdriver/lib/webdriver.js:923:22\n    at process.processTicksAndRejections (node:internal/process/task_queues:105:5)&quot;},&quot;uuid&quot;:&quot;bfd49243-0e69-4de2-921c-bec0b68004da&quot;,&quot;parentUUID&quot;:&quot;33cf71a4-d58a-486e-b443-47e519764a78&quot;,&quot;isHook&quot;:false,&quot;skipped&quot;:false}],&quot;suites&quot;:[],&quot;passes&quot;:[&quot;6d60cad6-26c2-439c-bb0d-1e38fe0c1cab&quot;],&quot;failures&quot;:[&quot;50d90ab4-c612-4947-86a5-e59b3ff157c2&quot;,&quot;9a7a8753-17bc-497f-a9d9-2a1fe8a404eb&quot;,&quot;15f7ef5c-55f7-42a1-ab70-213267cd1814&quot;,&quot;4991984f-2123-404c-a5eb-fad2af390691&quot;,&quot;231db5d8-d1a6-4569-a596-702b51dbdcec&quot;,&quot;bfd49243-0e69-4de2-921c-bec0b68004da&quot;],&quot;pending&quot;:[],&quot;skipped&quot;:[],&quot;duration&quot;:39189,&quot;root&quot;:false,&quot;rootEmpty&quot;:false,&quot;_timeout&quot;:60000}],&quot;passes&quot;:[],&quot;failures&quot;:[],&quot;pending&quot;:[],&quot;skipped&quot;:[],&quot;duration&quot;:0,&quot;root&quot;:true,&quot;rootEmpty&quot;:true,&quot;_timeout&quot;:2000}],&quot;meta&quot;:{&quot;mocha&quot;:{&quot;version&quot;:&quot;10.7.3&quot;},&quot;mochawesome&quot;:{&quot;options&quot;:{&quot;quiet&quot;:false,&quot;reportFilename&quot;:&quot;report_2024-12-25_12-56-24.html&quot;,&quot;saveHtml&quot;:true,&quot;saveJson&quot;:true,&quot;consoleReporter&quot;:&quot;spec&quot;,&quot;useInlineDiffs&quot;:false,&quot;code&quot;:true},&quot;version&quot;:&quot;7.1.3&quot;},&quot;marge&quot;:{&quot;options&quot;:{&quot;reportDir&quot;:&quot;testReports/report_2024-12-25_12-56-24&quot;,&quot;reportFilename&quot;:&quot;report_2024-12-25_12-56-24.html&quot;},&quot;version&quot;:&quot;6.2.0&quot;}}}" data-config="{&quot;reportFilename&quot;:&quot;report_2024-12-25_12-56-24.html&quot;,&quot;reportDir&quot;:&quot;testReports/report_2024-12-25_12-56-24&quot;,&quot;reportTitle&quot;:&quot;selenium&quot;,&quot;reportPageTitle&quot;:&quot;Mochawesome Report&quot;,&quot;inline&quot;:false,&quot;inlineAssets&quot;:false,&quot;cdn&quot;:false,&quot;charts&quot;:false,&quot;enableCharts&quot;:false,&quot;code&quot;:true,&quot;enableCode&quot;:true,&quot;autoOpen&quot;:false,&quot;overwrite&quot;:true,&quot;timestamp&quot;:false,&quot;ts&quot;:false,&quot;showPassed&quot;:true,&quot;showFailed&quot;:true,&quot;showPending&quot;:true,&quot;showSkipped&quot;:false,&quot;showHooks&quot;:&quot;failed&quot;,&quot;saveJson&quot;:true,&quot;saveHtml&quot;:true,&quot;dev&quot;:false,&quot;assetsDir&quot;:&quot;testReports/report_2024-12-25_12-56-24/assets&quot;,&quot;jsonFile&quot;:&quot;/Users/onur/postman-test/selenium/testReports/report_2024-12-25_12-56-24/report_2024-12-25_12-56-24.json&quot;,&quot;htmlFile&quot;:&quot;/Users/onur/postman-test/selenium/testReports/report_2024-12-25_12-56-24/report_2024-12-25_12-56-24.html&quot;}"><div id="report"></div><script src="assets/app.js"></script></body></html>