{
  "stats": {
    "suites": 1,
    "tests": 7,
    "passes": 1,
    "pending": 0,
    "failures": 6,
    "start": "2024-12-25T09:56:24.713Z",
    "end": "2024-12-25T09:57:09.426Z",
    "duration": 44713,
    "testsRegistered": 7,
    "passPercent": 14.285714285714285,
    "pendingPercent": 0,
    "other": 0,
    "hasOther": false,
    "skipped": 0,
    "hasSkipped": false
  },
  "results": [
    {
      "uuid": "a596a1e2-7fc3-4382-93bd-20e959836673",
      "title": "",
      "fullFile": "/Users/onur/postman-test/selenium/test.js",
      "file": "/test.js",
      "beforeHooks": [],
      "afterHooks": [],
      "tests": [],
      "suites": [
        {
          "uuid": "33cf71a4-d58a-486e-b443-47e519764a78",
          "title": "Demoqa books Testing",
          "fullFile": "/Users/onur/postman-test/selenium/test.js",
          "file": "/test.js",
          "beforeHooks": [
            {
              "title": "\"before all\" hook in \"Demoqa books Testing\"",
              "fullTitle": "Demoqa books Testing \"before all\" hook in \"Demoqa books Testing\"",
              "timedOut": false,
              "duration": 3297,
              "state": null,
              "speed": null,
              "pass": false,
              "fail": false,
              "pending": false,
              "context": null,
              "code": "driver = await new Builder().forBrowser('chrome').build();\nawait driver.manage().window().maximize();\nawait driver.get(\"https://demoqa.com/books\")\nconsole.log(\"Driver has started.\")\nloginPage = new LoginPage(driver);\nhomePage = new HomePage(driver);",
              "err": {},
              "uuid": "df8b5ef8-7f03-42a1-b7ad-8bfd3b37eaa5",
              "parentUUID": "33cf71a4-d58a-486e-b443-47e519764a78",
              "isHook": true,
              "skipped": false
            }
          ],
          "afterHooks": [
            {
              "title": "\"after all\" hook in \"Demoqa books Testing\"",
              "fullTitle": "Demoqa books Testing \"after all\" hook in \"Demoqa books Testing\"",
              "timedOut": false,
              "duration": 58,
              "state": null,
              "speed": null,
              "pass": false,
              "fail": false,
              "pending": false,
              "context": null,
              "code": "if(driver){\n  await driver.quit()\n  console.log(\"Driver quited\")\n}",
              "err": {},
              "uuid": "1181cbce-ef8e-476a-aec8-23d335310ddd",
              "parentUUID": "33cf71a4-d58a-486e-b443-47e519764a78",
              "isHook": true,
              "skipped": false
            },
            {
              "title": "\"after each\" hook in \"Demoqa books Testing\"",
              "fullTitle": "Demoqa books Testing \"after each\" hook in \"Demoqa books Testing\"",
              "timedOut": false,
              "duration": 325,
              "state": null,
              "speed": null,
              "pass": false,
              "fail": false,
              "pending": false,
              "context": null,
              "code": "if(this.currentTest.state===\"failed\"){\n  const date = new Date();\n  const timestamp = `${date.getFullYear()}${date.getMonth() + 1}${date.getDate()}${date.getHours()}${date.getMinutes()}${date.getSeconds()}`;\n  const screenShot = await driver.takeScreenshot();\n  const screenShotPath = path.join(__dirname,\"./testReports/ScreenShots\", `${this.currentTest.title}${timestamp}.png`)\n  \n  fs.writeFileSync(screenShotPath,screenShot,\"base64\");\n  addContext(this,\"Test Fail Screenshot\")\n  addContext(this,screenShotPath)\n  console.log(screenShotPath)\n}",
              "err": {},
              "uuid": "fc35d16d-586a-4bdc-a3f4-c5614bcaf3b3",
              "parentUUID": "33cf71a4-d58a-486e-b443-47e519764a78",
              "isHook": true,
              "skipped": false
            }
          ],
          "tests": [
            {
              "title": "Login with invalid credentials ",
              "fullTitle": "Demoqa books Testing Login with invalid credentials ",
              "timedOut": false,
              "duration": 5589,
              "state": "passed",
              "speed": "slow",
              "pass": true,
              "fail": false,
              "pending": false,
              "context": null,
              "code": "await loginPage.login(\"onurguvensoy\",\"Paramcom@123\")\nawait driver.sleep(5000);",
              "err": {},
              "uuid": "6d60cad6-26c2-439c-bb0d-1e38fe0c1cab",
              "parentUUID": "33cf71a4-d58a-486e-b443-47e519764a78",
              "isHook": false,
              "skipped": false
            },
            {
              "title": "Get Book Titles",
              "fullTitle": "Demoqa books Testing Get Book Titles",
              "timedOut": false,
              "duration": 58,
              "state": "failed",
              "speed": null,
              "pass": false,
              "fail": true,
              "pending": false,
              "context": "[\n  \"Test Fail Screenshot\",\n  \"/Users/onur/postman-test/selenium/testReports/ScreenShots/Get Book Titles20241225125633.png\"\n]",
              "code": "const bookTitles = await homePage.getBookTitles();\nassert.strictEqual(bookTitles.length, 8);",
              "err": {
                "message": "AssertionError: Expected values to be strictly equal:\n\n0 !== 8\n",
                "estack": "AssertionError [ERR_ASSERTION]: Expected values to be strictly equal:\n\n0 !== 8\n\n    at Context.<anonymous> (test.js:50:12)\n    at process.processTicksAndRejections (node:internal/process/task_queues:105:5)",
                "diff": "- 0\n+ 8\n"
              },
              "uuid": "50d90ab4-c612-4947-86a5-e59b3ff157c2",
              "parentUUID": "33cf71a4-d58a-486e-b443-47e519764a78",
              "isHook": false,
              "skipped": false
            },
            {
              "title": "Get First Book",
              "fullTitle": "Demoqa books Testing Get First Book",
              "timedOut": false,
              "duration": 10109,
              "state": "failed",
              "speed": null,
              "pass": false,
              "fail": true,
              "pending": false,
              "context": "[\n  \"Test Fail Screenshot\",\n  \"/Users/onur/postman-test/selenium/testReports/ScreenShots/Get First Book20241225125644.png\"\n]",
              "code": "const firstBook = await homePage.getFirstBook();\nassert.strictEqual(firstBook, \"Git Pocket Guide\");",
              "err": {
                "message": "TimeoutError: Waiting for element to be located By(css selector, .rt-tr-group .rt-td .action-buttons span a)\nWait timed out after 10053ms",
                "estack": "TimeoutError: Waiting for element to be located By(css selector, .rt-tr-group .rt-td .action-buttons span a)\nWait timed out after 10053ms\n    at /Users/onur/postman-test/selenium/node_modules/selenium-webdriver/lib/webdriver.js:923:22\n    at process.processTicksAndRejections (node:internal/process/task_queues:105:5)",
                "diff": null
              },
              "uuid": "9a7a8753-17bc-497f-a9d9-2a1fe8a404eb",
              "parentUUID": "33cf71a4-d58a-486e-b443-47e519764a78",
              "isHook": false,
              "skipped": false
            },
            {
              "title": "Get Book Details",
              "fullTitle": "Demoqa books Testing Get Book Details",
              "timedOut": false,
              "duration": 8,
              "state": "failed",
              "speed": null,
              "pass": false,
              "fail": true,
              "pending": false,
              "context": "[\n  \"Test Fail Screenshot\",\n  \"/Users/onur/postman-test/selenium/testReports/ScreenShots/Get Book Details20241225125644.png\"\n]",
              "code": "const isbnValue = await homePage.getBookDetails();\nassert.strictEqual(isbnValue, \"9781449325862\");",
              "err": {
                "message": "NoSuchElementError: no such element: Unable to locate element: {\"method\":\"css selector\",\"selector\":\".rt-tr-group .rt-td .action-buttons span a\"}\n  (Session info: chrome=131.0.6778.205)",
                "estack": "NoSuchElementError: no such element: Unable to locate element: {\"method\":\"css selector\",\"selector\":\".rt-tr-group .rt-td .action-buttons span a\"}\n  (Session info: chrome=131.0.6778.205)\n    at Object.throwDecodedError (node_modules/selenium-webdriver/lib/error.js:521:15)\n    at parseHttpResponse (node_modules/selenium-webdriver/lib/http.js:514:13)\n    at Executor.execute (node_modules/selenium-webdriver/lib/http.js:446:28)\n    at process.processTicksAndRejections (node:internal/process/task_queues:105:5)\n    at async Driver.execute (node_modules/selenium-webdriver/lib/webdriver.js:744:17)\n    at async toWireValue (node_modules/selenium-webdriver/lib/webdriver.js:148:15)\n    at async /Users/onur/postman-test/selenium/node_modules/selenium-webdriver/lib/webdriver.js:194:16\n    at async forEachKey (node_modules/selenium-webdriver/lib/webdriver.js:188:9)\n    at async convertKeys (node_modules/selenium-webdriver/lib/webdriver.js:193:3)\n    at async Driver.execute (node_modules/selenium-webdriver/lib/webdriver.js:742:22)\n    at async HomePage.getBookDetails (pages/homePage.js:34:9)\n    at async Context.<anonymous> (test.js:60:23)",
                "diff": null
              },
              "uuid": "15f7ef5c-55f7-42a1-ab70-213267cd1814",
              "parentUUID": "33cf71a4-d58a-486e-b443-47e519764a78",
              "isHook": false,
              "skipped": false
            },
            {
              "title": "Delete All Books",
              "fullTitle": "Demoqa books Testing Delete All Books",
              "timedOut": false,
              "duration": 10132,
              "state": "failed",
              "speed": null,
              "pass": false,
              "fail": true,
              "pending": false,
              "context": "[\n  \"Test Fail Screenshot\",\n  \"/Users/onur/postman-test/selenium/testReports/ScreenShots/Delete All Books20241225125655.png\"\n]",
              "code": "await homePage.deleteAllBooks();",
              "err": {
                "message": "TimeoutError: Waiting for element to be located By(xpath, //button[text()=\"Delete All Books\"])\nWait timed out after 10127ms",
                "estack": "TimeoutError: Waiting for element to be located By(xpath, //button[text()=\"Delete All Books\"])\nWait timed out after 10127ms\n    at /Users/onur/postman-test/selenium/node_modules/selenium-webdriver/lib/webdriver.js:923:22\n    at process.processTicksAndRejections (node:internal/process/task_queues:105:5)",
                "diff": null
              },
              "uuid": "4991984f-2123-404c-a5eb-fad2af390691",
              "parentUUID": "33cf71a4-d58a-486e-b443-47e519764a78",
              "isHook": false,
              "skipped": false
            },
            {
              "title": "Delete Account",
              "fullTitle": "Demoqa books Testing Delete Account",
              "timedOut": false,
              "duration": 10130,
              "state": "failed",
              "speed": null,
              "pass": false,
              "fail": true,
              "pending": false,
              "context": "[\n  \"Test Fail Screenshot\",\n  \"/Users/onur/postman-test/selenium/testReports/ScreenShots/Delete Account2024122512575.png\"\n]",
              "code": "await homePage.deleteAccount();",
              "err": {
                "message": "TimeoutError: Waiting for element to be located By(xpath, //button[text()=\"Delete Account\"])\nWait timed out after 10125ms",
                "estack": "TimeoutError: Waiting for element to be located By(xpath, //button[text()=\"Delete Account\"])\nWait timed out after 10125ms\n    at /Users/onur/postman-test/selenium/node_modules/selenium-webdriver/lib/webdriver.js:923:22\n    at process.processTicksAndRejections (node:internal/process/task_queues:105:5)",
                "diff": null
              },
              "uuid": "231db5d8-d1a6-4569-a596-702b51dbdcec",
              "parentUUID": "33cf71a4-d58a-486e-b443-47e519764a78",
              "isHook": false,
              "skipped": false
            },
            {
              "title": "Logout ",
              "fullTitle": "Demoqa books Testing Logout ",
              "timedOut": false,
              "duration": 3163,
              "state": "failed",
              "speed": null,
              "pass": false,
              "fail": true,
              "pending": false,
              "context": "[\n  \"Test Fail Screenshot\",\n  \"/Users/onur/postman-test/selenium/testReports/ScreenShots/Logout 2024122512579.png\"\n]",
              "code": "await homePage.logout();",
              "err": {
                "message": "TimeoutError: Waiting for element to be located By(css selector, *[id=\"submit\"])\nWait timed out after 3163ms",
                "estack": "TimeoutError: Waiting for element to be located By(css selector, *[id=\"submit\"])\nWait timed out after 3163ms\n    at /Users/onur/postman-test/selenium/node_modules/selenium-webdriver/lib/webdriver.js:923:22\n    at process.processTicksAndRejections (node:internal/process/task_queues:105:5)",
                "diff": null
              },
              "uuid": "bfd49243-0e69-4de2-921c-bec0b68004da",
              "parentUUID": "33cf71a4-d58a-486e-b443-47e519764a78",
              "isHook": false,
              "skipped": false
            }
          ],
          "suites": [],
          "passes": [
            "6d60cad6-26c2-439c-bb0d-1e38fe0c1cab"
          ],
          "failures": [
            "50d90ab4-c612-4947-86a5-e59b3ff157c2",
            "9a7a8753-17bc-497f-a9d9-2a1fe8a404eb",
            "15f7ef5c-55f7-42a1-ab70-213267cd1814",
            "4991984f-2123-404c-a5eb-fad2af390691",
            "231db5d8-d1a6-4569-a596-702b51dbdcec",
            "bfd49243-0e69-4de2-921c-bec0b68004da"
          ],
          "pending": [],
          "skipped": [],
          "duration": 39189,
          "root": false,
          "rootEmpty": false,
          "_timeout": 60000
        }
      ],
      "passes": [],
      "failures": [],
      "pending": [],
      "skipped": [],
      "duration": 0,
      "root": true,
      "rootEmpty": true,
      "_timeout": 2000
    }
  ],
  "meta": {
    "mocha": {
      "version": "10.7.3"
    },
    "mochawesome": {
      "options": {
        "quiet": false,
        "reportFilename": "report_2024-12-25_12-56-24.html",
        "saveHtml": true,
        "saveJson": true,
        "consoleReporter": "spec",
        "useInlineDiffs": false,
        "code": true
      },
      "version": "7.1.3"
    },
    "marge": {
      "options": {
        "reportDir": "testReports/report_2024-12-25_12-56-24",
        "reportFilename": "report_2024-12-25_12-56-24.html"
      },
      "version": "6.2.0"
    }
  }
}